<?xml version="1.0" encoding="UTF-8"?>
<testng-results skipped="0" failed="0" ignored="0" total="2" passed="2">
  <reporter-output>
  </reporter-output>
  <suite name="Default suite" duration-ms="47" started-at="2017-05-05T12:54:54Z" finished-at="2017-05-05T12:54:54Z">
    <groups>
    </groups>
    <test name="Default test" duration-ms="47" started-at="2017-05-05T12:54:54Z" finished-at="2017-05-05T12:54:54Z">
      <class name="ffp.autotest.base.crypt.MD5CryptTest">
        <test-method status="PASS" signature="md16()[pri:0, instance:ffp.autotest.base.crypt.MD5CryptTest@4de8b406]" name="md16" duration-ms="32" started-at="2017-05-05T20:54:54Z" finished-at="2017-05-05T20:54:54Z">
          <reporter-output>
          </reporter-output>
        </test-method> <!-- md16 -->
        <test-method status="PASS" signature="md32()[pri:0, instance:ffp.autotest.base.crypt.MD5CryptTest@4de8b406]" name="md32" duration-ms="0" started-at="2017-05-05T20:54:54Z" finished-at="2017-05-05T20:54:54Z">
          <reporter-output>
          </reporter-output>
        </test-method> <!-- md32 -->
      </class> <!-- ffp.autotest.base.crypt.MD5CryptTest -->
    </test> <!-- Default test -->
  </suite> <!-- Default suite -->
</testng-results>
