<?xml version="1.0" encoding="UTF-8"?>
<!-- Generated by org.testng.reporters.JUnitXMLReporter -->
<testsuite hostname="Aaron-PC" ignored="0" name="Command line test" tests="3" failures="0" timestamp="04 五月 2017 13:10:35 GMT" time="0.296" errors="0">
  <testcase name="decrypt" time="0.266" classname="ffp.autotest.base.crypt.AESCryptTest"/>
  <testcase name="encrypt" time="0.001" classname="ffp.autotest.base.crypt.AESCryptTest"/>
  <testcase name="encrypt" time="0.001" classname="ffp.autotest.base.crypt.MD5CryptTest"/>
</testsuite> <!-- Command line test -->
